<?xml version="1.0" encoding="UTF-8"?>
<!-- Generated by org.testng.reporters.JUnitReportReporter -->
<testsuite hostname="DESKTOP-E6MR63C" failures="0" tests="1" name="utils.ExcelUtility" time="1.124" errors="0" timestamp="2021-12-19T21:46:37 IST" skipped="0">
  <testcase classname="utils.ExcelUtility" name="test1" time="1.124"/>
  <system-out/>
</testsuite> <!-- utils.ExcelUtility -->
