<?xml version="1.0" encoding="UTF-8"?>
<!-- Generated by org.testng.reporters.JUnitReportReporter -->
<testsuite hostname="DESKTOP-E6MR63C" failures="0" tests="2" name="basePack.Scenario1" time="0.007" errors="0" timestamp="2021-12-19T12:27:52 IST" skipped="0">
  <testcase classname="basePack.Scenario1" name="test1" time="0.007"/>
  <system-out/>
  <testcase classname="basePack.Scenario1" name="test2" time="0.000"/>
  <system-out/>
</testsuite> <!-- basePack.Scenario1 -->
