<?xml version="1.0" encoding="UTF-8"?>
<!-- Generated by org.testng.reporters.JUnitReportReporter -->
<testsuite hostname="DESKTOP-E6MR63C" failures="0" tests="1" name="basePack.BrowserLaunch" time="18.790" errors="0" timestamp="2021-12-19T11:13:53 IST" skipped="0">
  <testcase classname="basePack.BrowserLaunch" name="extentCheck" time="18.790"/>
  <system-out/>
</testsuite> <!-- basePack.BrowserLaunch -->
