<?xml version="1.0" encoding="UTF-8"?>
<!-- Generated by org.testng.reporters.JUnitReportReporter -->
<testsuite hostname="DESKTOP-E6MR63C" failures="0" tests="2" name="testCases.Scenario2" time="0.001" errors="0" timestamp="2021-12-27T21:16:17 IST" skipped="0">
  <testcase classname="testCases.Scenario2" name="test5" time="0.000"/>
  <system-out/>
  <testcase classname="testCases.Scenario2" name="test4" time="0.001"/>
  <system-out/>
</testsuite> <!-- testCases.Scenario2 -->
