<?xml version="1.0" encoding="UTF-8"?>
<!-- Generated by org.testng.reporters.JUnitReportReporter -->
<testsuite hostname="DESKTOP-E6MR63C" failures="0" tests="2" name="basePack.DataProviderDemo" time="0.014" errors="0" timestamp="2021-12-20T23:27:56 IST" skipped="0">
  <testcase classname="basePack.DataProviderDemo" name="test" time="0.002"/>
  <system-out/>
  <testcase classname="basePack.DataProviderDemo" name="test" time="0.012"/>
  <system-out/>
</testsuite> <!-- basePack.DataProviderDemo -->
