<?xml version="1.0" encoding="UTF-8"?>
<!-- Generated by org.testng.reporters.JUnitReportReporter -->
<testsuite hostname="DESKTOP-E6MR63C" failures="0" tests="1" name="basePack.ExcelPlay" time="1.695" errors="0" timestamp="2021-12-20T23:19:51 IST" skipped="0">
  <testcase classname="basePack.ExcelPlay" name="rowCount" time="1.695"/>
  <system-out/>
</testsuite> <!-- basePack.ExcelPlay -->
