<?xml version="1.0" encoding="UTF-8"?>
<!-- Generated by org.testng.reporters.JUnitReportReporter -->
<testsuite hostname="DESKTOP-E6MR63C" failures="0" tests="3" name="testCases.Scenario1" time="0.011" errors="0" timestamp="2022-03-24T08:18:32 IST" skipped="0">
  <testcase classname="testCases.Scenario1" name="test2" time="0.001"/>
  <system-out/>
  <testcase classname="testCases.Scenario1" name="test1" time="0.009"/>
  <system-out/>
  <testcase classname="testCases.Scenario1" name="test3" time="0.001"/>
  <system-out/>
</testsuite> <!-- testCases.Scenario1 -->
