<?xml version="1.0" encoding="UTF-8"?>
<!-- Generated by org.testng.reporters.JUnitReportReporter -->
<testsuite hostname="DESKTOP-E6MR63C" failures="0" tests="2" name="testCases.DataProviderDemo" time="0.007" errors="0" timestamp="2021-12-22T22:27:18 IST" skipped="0">
  <testcase classname="testCases.DataProviderDemo" name="test" time="0.001"/>
  <system-out/>
  <testcase classname="testCases.DataProviderDemo" name="test" time="0.006"/>
  <system-out/>
</testsuite> <!-- testCases.DataProviderDemo -->
