<?xml version="1.0" encoding="UTF-8"?>
<!-- Generated by org.testng.reporters.JUnitReportReporter -->
<testsuite hostname="DESKTOP-E6MR63C" failures="0" tests="3" name="testCases.Scenario1" time="0.008" errors="0" timestamp="2021-12-27T20:15:26 IST" skipped="0">
  <testcase classname="testCases.Scenario1" name="test3" time="0.006"/>
  <system-out/>
  <testcase classname="testCases.Scenario1" name="test2" time="0.002"/>
  <system-out/>
  <testcase classname="testCases.Scenario1" name="test1" time="0.000"/>
  <system-out/>
</testsuite> <!-- testCases.Scenario1 -->
