<?xml version="1.0" encoding="UTF-8"?>
<!-- Generated by org.testng.reporters.JUnitReportReporter -->
<testsuite hostname="DESKTOP-E6MR63C" failures="0" tests="1" name="basePack.Naukri_JobSearch_Test" time="20.565" errors="0" timestamp="2021-12-23T23:37:28 IST" skipped="0">
  <testcase classname="basePack.Naukri_JobSearch_Test" name="Seach_Job" time="20.565"/>
  <system-out/>
</testsuite> <!-- basePack.Naukri_JobSearch_Test -->
