<?xml version="1.0" encoding="UTF-8"?>
<!-- Generated by org.testng.reporters.JUnitReportReporter -->
<testsuite hostname="DESKTOP-E6MR63C" failures="0" tests="2" name="basePack.Scenario2" time="0.009" errors="0" timestamp="2021-12-19T12:27:52 IST" skipped="0">
  <testcase classname="basePack.Scenario2" name="test4" time="0.001"/>
  <system-out/>
  <testcase classname="basePack.Scenario2" name="test3" time="0.008"/>
  <system-out/>
</testsuite> <!-- basePack.Scenario2 -->
